<?xml version="1.0" encoding="UTF-8"?>
<!-- Generated by org.testng.reporters.JUnitReportReporter -->
<testsuite hostname="DESKTOP-H2GFKVK" failures="0" tests="4" name="testlayer.LoginTest" time="87.209" errors="0" timestamp="2023-08-02T19:34:42 EDT" skipped="0">
  <testcase classname="testlayer.LoginTest" name="Title" time="13.136"/>
  <system-out/>
  <testcase classname="testlayer.LoginTest" name="Login" time="27.319"/>
  <system-out/>
  <testcase classname="testlayer.LoginTest" name="Login" time="23.577"/>
  <system-out/>
  <testcase classname="testlayer.LoginTest" name="Login" time="23.177"/>
  <system-out/>
</testsuite> <!-- testlayer.LoginTest -->
